Drill Listing
=============
Drill: .03937  Tool: 1  Feed: 0  Speed: 0
X 155118  Y 351574
X 107874  Y 375590
X 145275  Y 387401
X 155118  Y 424803
X 140551  Y 426377
X 123622  Y 442913
X 135433  Y 501574
X 135433  Y 513385
X 135433  Y 529133
X 135433  Y 544881
X 107874  Y 635433
X 143307  Y 659055
X 143307  Y 682677
X 182677  Y 682677
X 202519  Y 661181
X 192519  Y 661181
X 192519  Y 651181
X 202519  Y 651181
X 172834  Y 640551
X 182677  Y 619685
X 174803  Y 560629
X 174803  Y 529133
X 190393  Y 507480
X 172834  Y 501574
X 200393  Y 497480
X 196456  Y 479921
X 166929  Y 477952
X 196062  Y 459842
X 196062  Y 420472
X 191338  Y 385826
X 170866  Y 385433
X 196062  Y 359055
X 181889  Y 352362
X 198425  Y 312598
X 257480  Y 336220
X 218110  Y 353543
X 235826  Y 353937
X 257480  Y 355905
X 208267  Y 385433
X 232283  Y 420472
X 214173  Y 420472
X 231889  Y 460236
X 220078  Y 460236
X 208267  Y 460236
X 231889  Y 479921
X 220078  Y 479921
X 208267  Y 479921
X 233858  Y 493700
X 210393  Y 507480
X 227952  Y 562598
X 227952  Y 574409
X 245669  Y 601968
X 222047  Y 619685
X 257480  Y 619685
X 224015  Y 640551
X 212519  Y 651181
X 222519  Y 651181
X 232519  Y 651181
X 222519  Y 661181
X 212519  Y 661181
X 232519  Y 661181
X 222047  Y 682677
X 257480  Y 682677
X 292913  Y 682677
X 332283  Y 682677
X 302913  Y 661181
X 292913  Y 661181
X 312913  Y 661181
X 322913  Y 661181
X 302913  Y 651181
X 312913  Y 651181
X 322913  Y 651181
X 292913  Y 651181
X 275196  Y 640551
X 292913  Y 617716
X 322440  Y 586220
X 271259  Y 574409
X 310629  Y 554724
X 325984  Y 537007
X 328346  Y 529133
X 330314  Y 479921
X 318503  Y 479921
X 326377  Y 458267
X 258267  Y 379133
X 288976  Y 328346
X 361417  Y 328346
X 359842  Y 458267
X 344094  Y 458267
X 359842  Y 474015
X 361811  Y 529133
X 373622  Y 531102
X 353937  Y 537007
X 359842  Y 574409
X 336220  Y 582283
X 355905  Y 592125
X 375590  Y 592125
X 348031  Y 635433
X 367716  Y 635433
X 332913  Y 651181
X 332913  Y 661181
X 355905  Y 682677
X 414960  Y 682677
X 391338  Y 635433
X 414960  Y 635433
X 402362  Y 622047
X 418897  Y 600000
X 405118  Y 570472
X 405118  Y 560629
X 411023  Y 525196
X 428740  Y 477952
X 407086  Y 477952
X 383464  Y 477952
X 430708  Y 458267
X 407086  Y 458267
X 383464  Y 458267
X 411023  Y 143307
X 411023  Y 123622
X 418897  Y 107874
X 458267  Y 107874
X 442519  Y 123622
X 442519  Y 143307
X 442362  Y 353937
X 462362  Y 353937
X 452362  Y 363937
X 462362  Y 509448
X 442362  Y 509448
X 452362  Y 519448
X 448425  Y 539763
X 472047  Y 576377
X 460236  Y 576377
X 446456  Y 600000
X 437401  Y 662992
X 454330  Y 662992
X 454330  Y 682677
X 531102  Y 586220
X 531102  Y 576377
X 483858  Y 576377
X 509448  Y 521653
X 523228  Y 521653
X 537401  Y 521653
X 523228  Y 342125
X 537401  Y 342125
X 509842  Y 342125
X 552755  Y 143307
X 497637  Y 143307
X 552755  Y 123622
X 493700  Y 107874
X 533070  Y 107874
X 572440  Y 107874
X 611811  Y 107874
X 584251  Y 123622
X 627559  Y 123622
X 584251  Y 143307
X 627559  Y 143307
X 603937  Y 574409
X 592125  Y 574409
X 568503  Y 574409
X 580314  Y 574409
X 603937  Y 586220
X 592125  Y 586220
X 580314  Y 586220
X 659055  Y 143307
X 714173  Y 143307
X 714173  Y 123622
X 659055  Y 123622
X 651181  Y 107874
X 729921  Y 107874
X 769291  Y 107874
X 808661  Y 107874
X 800787  Y 123622
X 769291  Y 123622
X 769291  Y 143307
X 800787  Y 143307
X 844094  Y 143307
X 875590  Y 143307
X 875590  Y 123622
X 844094  Y 123622
X 848031  Y 107874
X 887401  Y 107874
X 926771  Y 107874
X 966141  Y 107874
X 1005511  Y 107874
X 934645  Y 123622
X 989763  Y 123622
X 1021259  Y 123622
X 989763  Y 143307
X 934645  Y 143307
X 1021259  Y 143307
X 1017322  Y 513385
X 1060629  Y 586220
X 1060629  Y 566535
X 1060629  Y 546850
X 1060629  Y 527165
X 1040944  Y 491732
X 1040944  Y 460236
X 1072440  Y 143307
X 1044881  Y 107874
Drill: .05118  Tool: 2  Feed: 0  Speed: 0
X 245669  Y 233858
X 261417  Y 288976
X 288976  Y 288976
X 316535  Y 288976
X 332283  Y 233858
Drill: .06063  Tool: 3  Feed: 0  Speed: 0
X 176614  Y 145118
X 196614  Y 145118
X 186614  Y 155118
X 176614  Y 165118
X 196614  Y 165118
X 165118  Y 570314
X 145118  Y 570314
X 155118  Y 580314
X 165118  Y 590314
X 145118  Y 590314
Drill: .07087  Tool: 4  Feed: 0  Speed: 0
X 454409  Y 637795
X 438818  Y 637795
X 470000  Y 637795
X 485590  Y 637055
Drill: .12992  Tool: 5  Feed: 0  Speed: 0
X 511417  Y 318503
X 511417  Y 542913
X 846062  Y 542913
X 846062  Y 318503
Drill: .15748  Tool: 6  Feed: 0  Speed: 0
X 119685  Y 119685
X 119685  Y 348031
X 119685  Y 670866
X 387401  Y 670866
X 387401  Y 348031
X 690551  Y 119685
X 1064566  Y 119685
X 1064566  Y 670866
End of Listing
