Drill Listing
=============
Drill: .035  Tool: 1  Feed: 0  Speed: 0
X 123622  Y 420866
X 123622  Y 430708
Drill: .03543  Tool: 2  Feed: 0  Speed: 0
X 123622  Y 440551
Drill: .03937  Tool: 3  Feed: 0  Speed: 0
X 139370  Y 107874
X 107874  Y 139370
X 139370  Y 139370
X 107874  Y 218110
X 139370  Y 218110
X 139370  Y 237795
X 107874  Y 242716
X 139370  Y 249606
X 107874  Y 257480
X 119685  Y 257480
X 142322  Y 266338
X 153149  Y 275196
X 123622  Y 277165
X 147244  Y 324409
X 119685  Y 332283
X 131496  Y 343110
X 115748  Y 344094
X 107874  Y 375590
X 107874  Y 403149
X 123622  Y 407086
X 135433  Y 411023
X 107874  Y 414960
X 144291  Y 420866
X 107874  Y 454330
X 119685  Y 454330
X 139370  Y 454330
X 153149  Y 472047
X 139370  Y 474015
X 147244  Y 481889
X 139370  Y 485826
X 159055  Y 485826
X 178740  Y 485826
X 176771  Y 450393
X 171850  Y 445472
X 181692  Y 445472
X 161023  Y 412992
X 178740  Y 411023
X 178740  Y 371653
X 162992  Y 369685
X 178740  Y 336220
X 178740  Y 316535
X 177755  Y 300787
X 178740  Y 285039
X 162992  Y 275196
X 174803  Y 261417
X 162007  Y 225984
X 159055  Y 218110
X 178740  Y 218110
X 159055  Y 139370
X 178740  Y 139370
X 159055  Y 107874
X 178740  Y 107874
X 198425  Y 107874
X 218110  Y 107874
X 198425  Y 139370
X 218110  Y 139370
X 198425  Y 218110
X 218110  Y 218110
X 192362  Y 251574
X 212362  Y 251574
X 202362  Y 261574
X 190551  Y 277165
X 218110  Y 277165
X 224015  Y 293897
X 218110  Y 316535
X 198425  Y 336220
X 218110  Y 336220
X 224015  Y 355905
X 198425  Y 371653
X 212362  Y 393307
X 192362  Y 393307
X 202362  Y 403307
X 229921  Y 416929
X 211220  Y 423818
X 201377  Y 423818
X 225984  Y 430708
X 213937  Y 452007
X 218110  Y 485826
X 237795  Y 485826
X 257480  Y 485826
X 237795  Y 474015
X 257480  Y 454330
X 257480  Y 401181
X 233858  Y 375590
X 237795  Y 336220
X 237795  Y 316535
X 245669  Y 310629
X 245669  Y 277165
X 257480  Y 243700
X 237795  Y 218110
X 257480  Y 218110
X 237795  Y 139370
X 257480  Y 139370
X 257480  Y 107874
X 237795  Y 107874
X 296850  Y 107874
X 304724  Y 127559
X 296850  Y 139370
X 296850  Y 218110
X 277165  Y 218110
X 296850  Y 237795
X 296850  Y 249606
X 277165  Y 249606
X 271259  Y 259448
X 277165  Y 269291
X 296850  Y 269291
X 261417  Y 277165
X 264370  Y 293897
X 261417  Y 316535
X 261417  Y 336220
X 277165  Y 375590
X 296850  Y 375590
X 272244  Y 385433
X 296850  Y 399212
X 281102  Y 401181
X 269291  Y 401181
X 296850  Y 414960
X 296850  Y 434645
X 277165  Y 454330
X 296850  Y 454330
X 304724  Y 462204
X 296850  Y 474015
X 296850  Y 485826
X 316535  Y 474015
X 308661  Y 470078
X 324409  Y 470078
X 328346  Y 462204
X 324409  Y 454330
X 308661  Y 454330
X 316535  Y 450393
X 316535  Y 434645
X 316535  Y 414960
X 316535  Y 399212
X 316535  Y 375590
X 316535  Y 269291
X 316535  Y 249606
X 316535  Y 237795
X 316535  Y 218110
X 316535  Y 139370
X 308661  Y 135433
X 324409  Y 135433
X 328346  Y 127559
X 324409  Y 119685
X 308661  Y 119685
X 316535  Y 115748
X 316535  Y 107874
X 336220  Y 107874
X 355905  Y 107874
X 336220  Y 119685
X 355905  Y 119685
X 355905  Y 139370
X 336220  Y 139370
X 355905  Y 218110
X 336220  Y 218110
X 355905  Y 237795
X 336220  Y 237795
X 355905  Y 249606
X 336220  Y 249606
X 355905  Y 269291
X 336220  Y 269291
X 355905  Y 375590
X 336220  Y 375590
X 336220  Y 399212
X 355905  Y 399212
X 336220  Y 414960
X 355905  Y 414960
X 336220  Y 434645
X 355905  Y 434645
X 336220  Y 454330
X 355905  Y 454330
X 355905  Y 474015
X 336220  Y 474015
X 336220  Y 485826
X 355905  Y 485826
X 375590  Y 485826
X 375590  Y 474015
X 375590  Y 454330
X 375590  Y 434645
X 375590  Y 414960
X 370669  Y 403149
X 382480  Y 403149
X 375590  Y 375590
X 376574  Y 270275
X 382480  Y 245669
X 370669  Y 245669
X 375590  Y 237795
X 375590  Y 218110
X 375590  Y 139370
X 375590  Y 119685
X 375590  Y 107874
X 395275  Y 107874
X 414960  Y 107874
X 395275  Y 119685
X 414960  Y 119685
X 395275  Y 139370
X 414960  Y 139370
X 395275  Y 218110
X 395275  Y 237795
X 387401  Y 375590
X 395275  Y 414960
X 395275  Y 434645
X 395275  Y 454330
X 414960  Y 454330
X 395275  Y 474015
X 414960  Y 474015
X 395275  Y 485826
X 414960  Y 485826
X 434645  Y 485826
X 454330  Y 485826
X 474015  Y 485826
X 434645  Y 474015
X 454330  Y 474015
X 474015  Y 474015
X 434645  Y 454330
X 454330  Y 454330
X 474015  Y 454330
X 434645  Y 139370
X 465157  Y 139370
X 476968  Y 139370
X 454330  Y 139370
X 454330  Y 119685
X 434645  Y 119685
X 474015  Y 119685
X 434645  Y 107874
X 474015  Y 107874
X 454330  Y 107874
X 493700  Y 107874
X 513385  Y 107874
X 493700  Y 119685
X 513385  Y 119685
X 493700  Y 139370
X 507480  Y 139370
X 513385  Y 454330
X 493700  Y 454330
X 513385  Y 474015
X 493700  Y 474015
X 493700  Y 485826
X 513385  Y 485826
X 533070  Y 485826
X 552755  Y 485826
X 572440  Y 485826
X 533070  Y 474015
X 552755  Y 474015
X 572440  Y 474015
X 552755  Y 454330
X 533070  Y 454330
X 572440  Y 454330
X 572440  Y 139370
X 533070  Y 139370
X 552755  Y 119685
X 533070  Y 119685
X 572440  Y 107874
X 533070  Y 107874
X 552755  Y 107874
X 592125  Y 107874
X 631496  Y 107874
X 611811  Y 107874
X 592125  Y 119685
X 611811  Y 139370
X 631496  Y 139370
X 611811  Y 414960
X 631496  Y 414960
X 600000  Y 414960
X 631496  Y 434645
X 611811  Y 434645
X 600000  Y 434645
X 611811  Y 454330
X 631496  Y 454330
X 592125  Y 454330
X 631496  Y 474015
X 611811  Y 474015
X 592125  Y 474015
X 592125  Y 485826
X 611811  Y 485826
X 631496  Y 485826
X 670866  Y 485826
X 651181  Y 474015
X 643307  Y 470078
X 659055  Y 470078
X 639370  Y 462204
X 662992  Y 462204
X 643307  Y 454330
X 659055  Y 454330
X 651181  Y 450393
X 651181  Y 434645
X 670866  Y 434645
X 670866  Y 414960
X 651181  Y 414960
X 651181  Y 139370
X 659055  Y 135433
X 643307  Y 135433
X 662992  Y 127559
X 670866  Y 127559
X 639370  Y 127559
X 659055  Y 119685
X 643307  Y 119685
X 651181  Y 115748
X 670866  Y 107874
X 729921  Y 107874
X 710236  Y 107874
X 710236  Y 139370
X 729921  Y 139370
X 722047  Y 414960
X 690551  Y 414960
X 710236  Y 414960
X 710236  Y 434645
X 722047  Y 434645
X 690551  Y 434645
X 710236  Y 454330
X 722047  Y 454330
X 690551  Y 454330
X 729921  Y 466141
X 710236  Y 474015
X 729921  Y 485826
X 710236  Y 485826
X 749606  Y 485826
X 769291  Y 485826
X 749606  Y 466141
X 769291  Y 466141
X 769291  Y 139370
X 749606  Y 139370
X 769291  Y 107874
X 749606  Y 107874
X 788976  Y 107874
X 808661  Y 107874
X 828346  Y 107874
X 800787  Y 115748
X 788976  Y 127559
X 828346  Y 127559
X 808661  Y 127559
X 828346  Y 344094
X 828346  Y 355905
X 828346  Y 375590
X 828346  Y 395275
X 808661  Y 395275
X 808661  Y 414960
X 828346  Y 426771
X 808661  Y 434645
X 828346  Y 454330
X 808661  Y 454330
X 788976  Y 466141
X 808661  Y 466141
X 828346  Y 466141
X 788976  Y 485826
X 808661  Y 485826
X 828346  Y 485826
X 848031  Y 485826
X 867716  Y 485826
X 867716  Y 466141
X 848031  Y 466141
X 837204  Y 183661
X 848031  Y 127559
X 867716  Y 107874
X 848031  Y 107874
X 907086  Y 107874
X 887401  Y 107874
X 926771  Y 107874
X 887401  Y 127559
X 907086  Y 466141
X 926771  Y 466141
X 887401  Y 466141
X 887401  Y 485826
X 907086  Y 485826
X 926771  Y 485826
X 946456  Y 485826
X 966141  Y 485826
X 970078  Y 474015
X 946456  Y 466141
X 970078  Y 458267
X 958267  Y 458267
X 970078  Y 438582
X 958267  Y 438582
X 962204  Y 371653
X 962204  Y 355905
X 966141  Y 131496
X 966141  Y 107874
X 946456  Y 107874
X 985826  Y 107874
X 1005511  Y 107874
X 1005511  Y 127559
X 985826  Y 131496
X 1013385  Y 139370
X 1013385  Y 159055
X 1013385  Y 198425
X 1013385  Y 241732
X 1009448  Y 316535
X 1009448  Y 336220
X 1029133  Y 344094
X 1005511  Y 351968
X 985826  Y 355905
X 985826  Y 371653
X 1005511  Y 375590
X 985826  Y 395275
X 1005511  Y 434645
X 1025196  Y 434645
X 1025196  Y 454330
X 1009448  Y 458267
X 985826  Y 474015
X 1005511  Y 474015
X 1005511  Y 485826
X 985826  Y 485826
X 1037007  Y 454330
X 1037007  Y 434645
X 1037007  Y 375590
X 1037007  Y 351968
X 1037007  Y 336220
X 1037007  Y 316535
X 1037007  Y 296850
X 1037007  Y 277165
X 1037007  Y 257480
X 1037007  Y 241732
X 1037007  Y 218110
X 1037007  Y 198425
X 1037007  Y 178740
X 1037007  Y 159055
X 1037007  Y 139370
Drill: .04724  Tool: 4  Feed: 0  Speed: 0
X 282086  Y 429645
X 282086  Y 439645
X 759665  Y 438582
X 759665  Y 411023
X 862795  Y 125807
X 862795  Y 160807
X 830531  Y 411023
X 865531  Y 411023
X 794665  Y 411023
X 865531  Y 438582
X 830531  Y 438582
X 794665  Y 438582
X 983858  Y 452145
X 983858  Y 417145
X 980137  Y 214173
X 980137  Y 174803
X 1015137  Y 174803
X 1015137  Y 214173
Drill: .05906  Tool: 5  Feed: 0  Speed: 0
X 122637  Y 371727
X 122637  Y 387327
Drill: .06063  Tool: 6  Feed: 0  Speed: 0
X 117559  Y 290787
X 137559  Y 290787
X 127559  Y 300787
X 137559  Y 310787
X 117559  Y 310787
X 1015196  Y 417086
X 1025196  Y 407086
X 1015196  Y 397086
X 1035196  Y 397086
X 1035196  Y 417086
Drill: .07087  Tool: 7  Feed: 0  Speed: 0
X 123622  Y 175118
X 123622  Y 190708
X 123622  Y 206299
X 123622  Y 221889
X 123622  Y 237480
Drill: .07874  Tool: 8  Feed: 0  Speed: 0
X 245472  Y 292913
X 245472  Y 355905
X 712204  Y 174803
X 771259  Y 174803
X 897244  Y 174803
X 897244  Y 401181
X 956299  Y 401181
X 970078  Y 310629
X 970078  Y 251574
X 956299  Y 174803
Drill: .11811  Tool: 9  Feed: 0  Speed: 0
X 810629  Y 283070
X 810629  Y 363779
Drill: .12598  Tool: 10  Feed: 0  Speed: 0
X 119685  Y 119685
X 277165  Y 119685
X 119685  Y 474015
X 277165  Y 474015
X 690551  Y 474015
X 690551  Y 119685
X 1025196  Y 119685
X 1025196  Y 474015
Drill: .12992  Tool: 11  Feed: 0  Speed: 0
X 316535  Y 127559
X 316535  Y 462204
X 651181  Y 462204
X 651181  Y 127559
End of Listing
