Drill Listing
=============
Drill: .02362  Tool: 1  Feed: 197  Speed: 550
X 204724  Y 244094
X 204724  Y 259842
X 242125  Y 260826
X 204724  Y 275590
X 232283  Y 322834
X 232283  Y 338582
X 232283  Y 354330
X 204724  Y 385826
X 228346  Y 393700
X 236220  Y 401574
X 251968  Y 401574
X 244094  Y 425196
X 259842  Y 425196
X 275590  Y 425196
X 283464  Y 417322
X 267716  Y 401574
X 283464  Y 401574
X 267716  Y 362204
X 283464  Y 354330
X 283464  Y 330708
X 258858  Y 299212
X 255905  Y 286417
X 295275  Y 201771
X 283464  Y 201771
X 346456  Y 204724
X 330708  Y 330708
X 307086  Y 330708
X 334645  Y 366141
X 338582  Y 409448
X 338582  Y 425196
X 354330  Y 425196
X 370078  Y 425196
X 401574  Y 425196
X 385826  Y 425196
X 358267  Y 366141
X 358267  Y 318897
X 358267  Y 303149
X 374015  Y 295275
X 401574  Y 204724
X 374015  Y 204724
X 452755  Y 201771
X 437007  Y 299212
X 405511  Y 322834
X 448818  Y 330708
X 405511  Y 338582
X 433070  Y 346456
X 444881  Y 381889
X 421259  Y 381889
X 421259  Y 397637
X 421259  Y 413385
X 417322  Y 425196
X 433070  Y 425196
X 448818  Y 425196
X 464566  Y 425196
X 480314  Y 425196
X 496062  Y 425196
X 456692  Y 377952
X 488188  Y 362204
X 472440  Y 362204
X 480314  Y 322834
X 496062  Y 322834
X 492125  Y 286417
X 464566  Y 201771
X 511811  Y 204724
X 543307  Y 244094
X 543307  Y 259842
X 505905  Y 260826
X 543307  Y 275590
X 511811  Y 322834
X 543307  Y 346456
X 543307  Y 362204
X 511811  Y 362204
X 527559  Y 362204
X 543307  Y 377952
X 543307  Y 393700
X 511811  Y 425196
Drill: .035  Tool: 2  Feed: 197  Speed: 550
X 319212  Y 314960
X 427834  Y 315944
Drill: .03543  Tool: 3  Feed: 197  Speed: 550
X 216535  Y 204724
X 208183  Y 208183
X 224887  Y 208183
X 204724  Y 216535
X 228346  Y 216535
X 224887  Y 224887
X 208183  Y 224887
X 216535  Y 228346
X 216535  Y 401574
X 208183  Y 405033
X 224887  Y 405033
X 204724  Y 413385
X 228346  Y 413385
X 224887  Y 421737
X 208183  Y 421737
X 216535  Y 425196
X 279212  Y 314960
X 523144  Y 208183
X 519685  Y 216535
X 523144  Y 224887
X 467834  Y 315944
X 523144  Y 405033
X 519685  Y 413385
X 523144  Y 421737
X 531496  Y 425196
X 539848  Y 421737
X 543307  Y 413385
X 539848  Y 405033
X 531496  Y 401574
X 531496  Y 228346
X 539848  Y 224887
X 543307  Y 216535
X 539848  Y 208183
X 531496  Y 204724
Drill: .03937  Tool: 4  Feed: 197  Speed: 550
X 246062  Y 208661
X 255905  Y 208661
X 263779  Y 383858
X 338582  Y 311023
X 295275  Y 269842
X 305275  Y 259842
X 285275  Y 259842
X 311023  Y 220472
X 437007  Y 220472
X 442755  Y 259842
X 452755  Y 269842
X 409448  Y 311023
X 475393  Y 341535
X 462755  Y 259842
X 501968  Y 208661
X 492125  Y 208661
Drill: .04331  Tool: 5  Feed: 139  Speed: 550
X 338582  Y 212598
X 338582  Y 291338
X 358267  Y 291338
X 389763  Y 291338
X 409448  Y 291338
X 358267  Y 212598
X 409448  Y 212598
X 389763  Y 212598
Drill: .05118  Tool: 6  Feed: 107  Speed: 550
X 288385  Y 368110
X 280511  Y 383858
X 327755  Y 399606
X 335629  Y 383858
X 400590  Y 364173
X 353346  Y 348425
X 361220  Y 332677
X 408464  Y 348425
Drill: .06299  Tool: 7  Feed: 89  Speed: 550
X 216535  Y 303149
X 531496  Y 303149
Drill: .06693  Tool: 8  Feed: 89  Speed: 550
X 226574  Y 293110
X 206496  Y 293110
X 206496  Y 313188
X 226574  Y 313188
X 521456  Y 313188
X 521456  Y 293110
X 541535  Y 293110
X 541535  Y 313188
Drill: .07087  Tool: 9  Feed: 81  Speed: 550
X 248031  Y 342677
X 248031  Y 358267
X 248031  Y 373858
X 500000  Y 373858
X 500000  Y 358267
X 500000  Y 342677
Drill: .14173  Tool: 10  Feed: 35  Speed: 900
X 216535  Y 216535
X 216535  Y 413385
X 531496  Y 413385
X 531496  Y 216535
End of Listing
