Drill Listing
=============
Drill: .01378  Tool: 1  Feed: 95  Speed: 300
X 435039  Y 202755
X 409448  Y 244094
X 433070  Y 296259
X 431102  Y 372047
X 429133  Y 391732
X 435039  Y 391732
X 435039  Y 438976
X 435039  Y 483267
X 456692  Y 497047
X 443897  Y 483267
X 451771  Y 483267
X 443897  Y 438976
X 451771  Y 438976
X 453149  Y 431102
X 443897  Y 391732
X 451771  Y 391732
X 458661  Y 384842
X 448818  Y 384842
X 462598  Y 346456
X 456692  Y 334645
X 453740  Y 323818
X 460039  Y 323622
X 452755  Y 313976
X 446850  Y 244094
X 484251  Y 202755
X 468503  Y 228346
X 468503  Y 284448
X 482283  Y 289370
X 482283  Y 296259
X 472440  Y 296259
X 465551  Y 323818
X 463582  Y 334645
X 473425  Y 334645
X 467519  Y 367125
X 478346  Y 367125
X 478346  Y 384842
X 468503  Y 384842
X 463582  Y 412401
X 463582  Y 422244
X 481299  Y 442913
X 481299  Y 451771
X 463582  Y 477362
X 463582  Y 487204
X 481299  Y 506889
X 481299  Y 516732
X 463582  Y 516732
X 492125  Y 527559
X 495078  Y 515748
X 492125  Y 482283
X 488188  Y 476377
X 494094  Y 462598
X 495078  Y 442913
X 491141  Y 437992
X 492125  Y 409448
X 488188  Y 384842
X 507874  Y 384842
X 498031  Y 384842
X 511811  Y 313976
X 501968  Y 313976
X 511811  Y 279527
X 511811  Y 259842
X 494094  Y 202755
X 545275  Y 257874
X 529527  Y 284448
X 553149  Y 284448
X 537401  Y 298228
X 545275  Y 298228
X 559055  Y 298228
X 533464  Y 304133
X 543307  Y 304133
X 533464  Y 321850
X 533464  Y 365157
X 543307  Y 384842
X 533464  Y 384842
X 517716  Y 384842
X 539370  Y 442913
X 539370  Y 447834
X 539370  Y 453740
X 514960  Y 462598
X 547244  Y 462598
X 549212  Y 472440
X 544291  Y 476377
X 556102  Y 484251
X 544291  Y 486220
X 556102  Y 494094
X 556102  Y 503937
X 526574  Y 505905
X 544094  Y 515748
X 526574  Y 515748
X 514566  Y 539370
X 583661  Y 513779
X 582677  Y 474409
X 573818  Y 472440
X 582874  Y 464566
X 583267  Y 454724
X 582874  Y 444881
X 572834  Y 430118
X 582677  Y 384842
X 572834  Y 367125
X 562992  Y 367125
X 585826  Y 365354
X 572834  Y 353346
X 572834  Y 334645
X 572834  Y 321850
X 562992  Y 321850
X 575196  Y 303149
X 582677  Y 303149
X 566929  Y 298228
X 580708  Y 298228
X 566929  Y 257874
X 611417  Y 252362
X 588582  Y 257874
X 609251  Y 279527
X 609251  Y 297244
X 588582  Y 298228
X 598031  Y 299212
X 592519  Y 303149
X 612204  Y 303149
X 592913  Y 321653
X 612204  Y 321850
X 612204  Y 367125
X 592519  Y 384842
X 594488  Y 404527
X 594488  Y 423228
X 601377  Y 444881
X 601377  Y 454724
X 601377  Y 464566
X 601377  Y 474409
X 611614  Y 489173
X 604330  Y 489173
X 600393  Y 531496
X 610236  Y 531496
X 590551  Y 531496
X 590551  Y 551181
X 631889  Y 550196
X 620078  Y 531496
X 631889  Y 531496
X 632874  Y 524606
X 630905  Y 505511
X 628149  Y 502165
X 613582  Y 501771
X 631102  Y 499015
X 628149  Y 495866
X 635826  Y 492913
X 631692  Y 489566
X 627952  Y 485236
X 614960  Y 483070
X 626968  Y 481299
X 627952  Y 477362
X 621456  Y 460039
X 625984  Y 449803
X 616141  Y 449803
X 625984  Y 432086
X 616141  Y 432086
X 622047  Y 385826
X 622047  Y 367125
X 622047  Y 353346
X 622047  Y 334645
X 622047  Y 321850
X 631889  Y 321850
X 636811  Y 309055
X 625984  Y 301181
X 621062  Y 276574
X 625984  Y 256889
X 648622  Y 310039
X 637795  Y 325787
X 651574  Y 384842
X 641732  Y 384842
X 638779  Y 401574
X 655511  Y 432086
X 645669  Y 432086
X 652165  Y 452755
X 656102  Y 452755
X 648425  Y 452755
X 643897  Y 455314
X 662204  Y 460039
X 650590  Y 474212
X 652559  Y 477755
X 656496  Y 479724
X 648425  Y 490157
X 644488  Y 503937
X 648622  Y 503937
X 652755  Y 503937
X 647637  Y 518503
X 642716  Y 522244
X 638779  Y 526574
X 641732  Y 531496
X 653543  Y 550196
X 675196  Y 554133
X 663385  Y 550196
X 675196  Y 522047
X 679133  Y 504921
X 676181  Y 501968
X 675196  Y 485236
X 679133  Y 479330
X 673622  Y 475393
X 683070  Y 472440
X 686220  Y 467716
X 665354  Y 449803
X 665354  Y 432086
X 673228  Y 420275
X 673228  Y 401574
X 671259  Y 353346
X 671259  Y 334645
X 678543  Y 314960
X 668307  Y 311023
X 683858  Y 254330
X 706692  Y 271653
X 706692  Y 290354
X 710629  Y 311023
X 688976  Y 311023
X 702755  Y 311023
X 734251  Y 311023
X 693897  Y 314960
X 727362  Y 454724
X 697834  Y 455708
X 697834  Y 479330
X 713582  Y 499015
X 708661  Y 500984
X 697834  Y 504921
X 703740  Y 511811
X 689763  Y 512795
X 692913  Y 516732
X 710629  Y 533464
X 730314  Y 534448
X 720472  Y 534448
X 740157  Y 534448
X 750000  Y 534448
X 787401  Y 534448
X 759842  Y 533464
X 757874  Y 528543
X 779527  Y 518700
X 779527  Y 500984
X 757874  Y 490157
X 757874  Y 471456
X 781496  Y 462598
X 739173  Y 461614
X 781496  Y 429133
X 771653  Y 368307
X 761811  Y 352755
X 754921  Y 339566
X 781496  Y 336614
X 765748  Y 311023
X 775590  Y 311023
X 744094  Y 311023
X 744094  Y 259842
X 771653  Y 254921
X 811023  Y 311023
X 801181  Y 311023
X 791338  Y 311023
X 793307  Y 429133
X 811023  Y 462598
X 801181  Y 462598
X 791338  Y 462598
X 830708  Y 462598
X 820866  Y 462598
X 791338  Y 482283
X 811023  Y 486220
X 823818  Y 491141
X 799212  Y 534448
X 816929  Y 534448
X 807086  Y 534448
X 838582  Y 462598
X 850393  Y 462598
Drill: .02362  Tool: 2  Feed: 197  Speed: 550
X 393700  Y 255905
X 393700  Y 295275
X 393700  Y 334645
X 393700  Y 374015
X 407480  Y 391732
X 393700  Y 413385
X 393700  Y 452755
X 393700  Y 492125
X 393700  Y 531496
X 393700  Y 551181
X 433070  Y 582677
X 452755  Y 582677
X 472440  Y 582677
X 487204  Y 394685
X 479330  Y 394685
X 470472  Y 394685
X 511811  Y 204724
X 531496  Y 204724
X 523622  Y 259842
X 523622  Y 295275
X 523622  Y 318897
X 535433  Y 413385
X 511811  Y 582677
X 492125  Y 582677
X 531496  Y 582677
X 551181  Y 582677
X 570866  Y 582677
X 582677  Y 425196
X 582677  Y 397637
X 555118  Y 394685
X 548228  Y 394685
X 551181  Y 204724
X 570866  Y 204724
X 586614  Y 204724
X 637795  Y 259842
X 637795  Y 279527
X 639763  Y 411417
X 657480  Y 582677
X 677165  Y 582677
X 704724  Y 582677
X 688976  Y 424212
X 688976  Y 415354
X 706692  Y 397637
X 713582  Y 397637
X 706692  Y 391732
X 713582  Y 391732
X 700787  Y 361220
X 714566  Y 361220
X 696850  Y 342519
X 725393  Y 305118
X 718503  Y 305118
X 711614  Y 305118
X 737204  Y 302165
X 737204  Y 294291
X 737204  Y 286417
X 728346  Y 275590
X 728346  Y 255905
X 708661  Y 255905
X 716535  Y 204724
X 748031  Y 204724
X 749015  Y 378937
X 742125  Y 378937
X 749015  Y 385826
X 742125  Y 385826
X 742125  Y 392716
X 749015  Y 392716
X 770669  Y 403543
X 785433  Y 417322
X 753937  Y 429133
X 761811  Y 429133
X 755905  Y 582677
X 779527  Y 582677
X 822834  Y 582677
X 807086  Y 453740
X 820866  Y 453740
X 816929  Y 423228
X 824803  Y 423228
X 832677  Y 423228
X 809055  Y 423228
X 801181  Y 423228
X 832677  Y 391732
X 832677  Y 382874
X 805118  Y 339566
X 825787  Y 339566
X 812007  Y 339566
X 818897  Y 339566
X 825787  Y 332677
X 818897  Y 332677
X 811023  Y 330708
X 825787  Y 325787
X 825787  Y 317913
X 814960  Y 236220
X 826771  Y 236220
X 814960  Y 204724
X 826771  Y 204724
X 862204  Y 322834
X 860236  Y 363188
X 848425  Y 363188
X 848425  Y 373031
X 860236  Y 373031
X 848425  Y 382874
X 860236  Y 382874
X 848425  Y 391732
X 860236  Y 391732
X 862204  Y 413385
X 862204  Y 433070
X 859251  Y 446850
X 859251  Y 454724
X 862204  Y 472440
X 862204  Y 492125
X 862204  Y 511811
X 862204  Y 551181
Drill: .0315  Tool: 3  Feed: 197  Speed: 550
X 409448  Y 283464
X 409448  Y 350393
X 442913  Y 348425
X 498031  Y 341535
X 442913  Y 336614
X 498031  Y 329724
X 442913  Y 284448
X 494094  Y 230314
X 551181  Y 535433
X 604330  Y 566929
X 612204  Y 566929
X 596456  Y 566929
X 596456  Y 574803
X 612204  Y 574803
X 604330  Y 574803
X 620078  Y 574803
X 627952  Y 574803
X 669291  Y 574803
X 627952  Y 566929
X 620078  Y 566929
X 822834  Y 216535
Drill: .035  Tool: 4  Feed: 197  Speed: 550
X 415354  Y 411417
X 415354  Y 421259
X 415354  Y 463582
X 415354  Y 506889
X 730314  Y 570866
X 720472  Y 570866
X 846456  Y 256889
X 846456  Y 298228
X 846456  Y 532480
X 796259  Y 570866
Drill: .03543  Tool: 5  Feed: 197  Speed: 550
X 415354  Y 431102
X 415354  Y 473425
X 415354  Y 516732
X 740157  Y 570866
X 806102  Y 570866
X 846456  Y 247047
X 846456  Y 288385
X 846456  Y 522637
Drill: .03937  Tool: 6  Feed: 197  Speed: 550
X 521653  Y 218503
X 531653  Y 218503
X 521653  Y 228503
X 531653  Y 228503
X 541653  Y 228503
X 551653  Y 228503
X 561653  Y 228503
X 571653  Y 228503
X 581653  Y 228503
X 551653  Y 218503
X 571653  Y 218503
X 541653  Y 218503
X 581653  Y 218503
X 561653  Y 218503
X 591653  Y 218503
X 601653  Y 218503
X 611653  Y 218503
X 601653  Y 228503
X 591653  Y 228503
X 611653  Y 228503
Drill: .04  Tool: 7  Feed: 139  Speed: 550
X 675196  Y 538228
X 687007  Y 538385
X 675196  Y 548228
X 687007  Y 548385
X 698818  Y 548385
X 698818  Y 538385
Drill: .05906  Tool: 8  Feed: 107  Speed: 550
X 781570  Y 226377
X 797170  Y 226377
Drill: .07087  Tool: 9  Feed: 81  Speed: 550
X 665669  Y 226377
X 681259  Y 226377
X 696850  Y 226377
X 712440  Y 226377
X 728031  Y 226377
Drill: .12598  Tool: 10  Feed: 35  Speed: 794
X 137795  Y 255905
X 177165  Y 374015
X 177165  Y 531496
X 137795  Y 570866
X 413385  Y 570866
X 334645  Y 531496
X 334645  Y 374015
X 413385  Y 216535
X 846456  Y 216535
X 846456  Y 570866
End of Listing
