Drill Listing
=============
Drill: .01378  Tool: 1  Feed: 95  Speed: 300
X 708661  Y 242125
X 647637  Y 442913
X 730314  Y 448818
X 742125  Y 442913
X 730314  Y 413385
X 734251  Y 242125
X 758858  Y 242125
X 733267  Y 230314
X 758858  Y 230314
X 729330  Y 224409
X 758858  Y 218503
X 777559  Y 285433
X 806102  Y 297244
X 806102  Y 307086
X 806102  Y 316929
X 806102  Y 326771
X 777559  Y 334645
X 806102  Y 352362
X 806102  Y 362204
X 806102  Y 372047
X 806102  Y 391732
X 792322  Y 433070
X 807086  Y 446850
X 856299  Y 460629
X 826771  Y 446850
X 859251  Y 433070
X 859251  Y 421259
X 844488  Y 409055
X 857283  Y 385826
X 839566  Y 385826
X 836614  Y 375984
X 836614  Y 340551
X 861023  Y 326771
X 836614  Y 326771
X 860236  Y 311023
X 844094  Y 284685
X 857283  Y 277559
X 968503  Y 243110
X 946456  Y 247637
X 938976  Y 272637
X 933070  Y 297244
X 970472  Y 328740
X 940944  Y 538385
X 1095472  Y 529527
X 1109251  Y 501968
X 1081692  Y 275590
X 982283  Y 244094
Drill: .02362  Tool: 2  Feed: 197  Speed: 550
X 401574  Y 275590
X 419291  Y 275590
X 401574  Y 283464
X 401574  Y 295275
X 401574  Y 307086
X 401574  Y 318897
X 401574  Y 330708
X 401574  Y 346456
X 401574  Y 358267
X 497047  Y 370078
X 523622  Y 366141
X 523622  Y 358267
X 511811  Y 354330
X 496062  Y 354330
X 523622  Y 350393
X 507874  Y 322834
X 519685  Y 322834
X 496062  Y 322834
X 507874  Y 311023
X 519685  Y 311023
X 507874  Y 299212
X 519685  Y 299212
X 519685  Y 287401
X 507874  Y 287401
X 519685  Y 275590
X 507874  Y 275590
X 519685  Y 263779
X 507874  Y 263779
X 519685  Y 251968
X 507874  Y 251968
X 519685  Y 240157
X 507874  Y 240157
X 547244  Y 208661
X 547244  Y 220472
X 547244  Y 232283
X 547244  Y 244094
X 547244  Y 255905
X 547244  Y 267716
X 547244  Y 279527
X 547244  Y 291338
X 547244  Y 303149
X 547244  Y 314960
X 539370  Y 350393
X 547244  Y 350393
X 531496  Y 350393
X 531496  Y 358267
X 539370  Y 358267
X 547244  Y 358267
X 531496  Y 366141
X 539370  Y 366141
X 546259  Y 407480
X 546259  Y 415354
X 622047  Y 582677
X 622047  Y 570866
X 622047  Y 559055
X 618110  Y 476377
X 618110  Y 464566
X 618110  Y 433070
X 618110  Y 421259
X 554133  Y 415354
X 618110  Y 409448
X 554133  Y 407480
X 618110  Y 397637
X 618110  Y 385826
X 555118  Y 358267
X 555118  Y 350393
X 570866  Y 326771
X 596456  Y 226377
X 614173  Y 204724
X 596456  Y 204724
X 645669  Y 204724
X 669291  Y 204724
X 669291  Y 232283
X 633858  Y 380905
X 643700  Y 380905
X 653543  Y 385826
X 669291  Y 385826
X 667322  Y 420275
X 633858  Y 468503
X 641732  Y 468503
X 649606  Y 468503
X 657480  Y 468503
X 665354  Y 468503
X 673228  Y 468503
X 649606  Y 476377
X 673228  Y 476377
X 665354  Y 476377
X 657480  Y 476377
X 645669  Y 559055
X 633858  Y 559055
X 669291  Y 559055
X 657480  Y 559055
X 633858  Y 570866
X 645669  Y 570866
X 657480  Y 570866
X 669291  Y 570866
X 645669  Y 582677
X 633858  Y 582677
X 669291  Y 582677
X 657480  Y 582677
X 681102  Y 468503
X 688976  Y 468503
X 677165  Y 442913
X 685039  Y 385826
X 700787  Y 385826
X 696850  Y 362204
X 696850  Y 350393
X 700787  Y 326771
X 692913  Y 326771
X 692913  Y 318897
X 700787  Y 318897
X 692913  Y 299212
X 700787  Y 299212
X 692913  Y 291338
X 700787  Y 291338
X 700787  Y 267716
X 692913  Y 267716
X 692913  Y 259842
X 700787  Y 259842
X 708661  Y 204724
X 740157  Y 204724
X 708661  Y 232283
X 716535  Y 259842
X 724409  Y 259842
X 724409  Y 267716
X 716535  Y 267716
X 720472  Y 350393
X 720472  Y 362204
X 748031  Y 362204
X 742125  Y 362204
X 732283  Y 385826
X 716535  Y 385826
X 712598  Y 566929
X 712598  Y 582677
X 732283  Y 582677
X 748031  Y 586614
X 767716  Y 586614
X 787401  Y 586614
X 755905  Y 448818
X 783464  Y 448818
X 787401  Y 379921
X 753937  Y 362204
X 767716  Y 362204
X 775590  Y 354330
X 775590  Y 314960
X 775590  Y 303149
X 795275  Y 283464
X 765748  Y 267716
X 759842  Y 261811
X 765748  Y 261811
X 787401  Y 204724
X 759842  Y 204724
X 818897  Y 204724
X 854330  Y 448818
X 838582  Y 555118
X 846456  Y 555118
X 870078  Y 555118
X 862204  Y 555118
X 854330  Y 555118
X 826771  Y 586614
X 848425  Y 586614
X 807086  Y 586614
X 870078  Y 586614
X 893700  Y 586614
X 921259  Y 586614
X 940944  Y 582677
X 940944  Y 562992
X 940944  Y 547244
X 917322  Y 539370
X 893700  Y 539370
X 881889  Y 539370
X 938976  Y 472440
X 948818  Y 472440
X 938976  Y 460629
X 948818  Y 460629
X 938976  Y 448818
X 948818  Y 448818
X 948818  Y 437007
X 938976  Y 437007
X 948818  Y 425196
X 935039  Y 425196
X 948818  Y 413385
X 935039  Y 413385
X 948818  Y 401574
X 935039  Y 401574
X 935039  Y 393700
X 935039  Y 385826
X 935039  Y 375984
X 929133  Y 330708
X 935039  Y 330708
X 929133  Y 324803
X 935039  Y 324803
X 937007  Y 204724
X 962598  Y 205708
X 952755  Y 263779
X 970472  Y 277559
X 970472  Y 283464
X 964566  Y 309055
X 976377  Y 375984
X 956692  Y 375984
X 956692  Y 385826
X 976377  Y 385826
X 956692  Y 393700
X 964566  Y 437007
X 964566  Y 448818
X 976377  Y 551181
X 976377  Y 559055
X 960629  Y 562992
X 976377  Y 566929
X 976377  Y 574803
X 960629  Y 582677
X 976377  Y 582677
X 988188  Y 582677
X 1000000  Y 582677
X 988188  Y 574803
X 1000000  Y 574803
X 988188  Y 566929
X 1000000  Y 566929
X 988188  Y 559055
X 1000000  Y 559055
X 988188  Y 551181
X 1000000  Y 551181
X 988188  Y 543307
X 1000000  Y 543307
X 992125  Y 444881
X 992125  Y 433070
X 1000000  Y 385826
X 1000000  Y 375984
X 996062  Y 342519
X 992125  Y 309055
X 978346  Y 283464
X 978346  Y 277559
X 978346  Y 234251
X 990157  Y 234251
X 984251  Y 234251
X 1000000  Y 209645
X 990157  Y 205708
X 1000000  Y 202755
X 1014763  Y 202755
X 1014763  Y 209645
X 1003937  Y 250000
X 1011811  Y 250000
X 1003937  Y 255905
X 1011811  Y 342519
X 1003937  Y 342519
X 1019685  Y 342519
X 1003937  Y 409448
X 1003937  Y 421259
X 1003937  Y 433070
X 1015748  Y 433070
X 1015748  Y 444881
X 1003937  Y 444881
X 1003937  Y 456692
X 1015748  Y 456692
X 1003937  Y 468503
X 1003937  Y 480314
X 1009842  Y 543307
X 1009842  Y 551181
X 1009842  Y 559055
X 1009842  Y 566929
X 1009842  Y 574803
X 1009842  Y 582677
X 1074803  Y 582677
X 1066929  Y 582677
X 1074803  Y 574803
X 1066929  Y 574803
X 1074803  Y 566929
X 1066929  Y 566929
X 1074803  Y 559055
X 1066929  Y 559055
X 1074803  Y 551181
X 1066929  Y 551181
X 1074803  Y 543307
X 1066929  Y 543307
X 1074803  Y 535433
X 1066929  Y 535433
X 1074803  Y 527559
X 1066929  Y 527559
X 1066929  Y 519685
X 1070866  Y 492125
X 1062992  Y 492125
X 1070866  Y 456692
X 1059055  Y 456692
X 1070866  Y 444881
X 1059055  Y 444881
X 1070866  Y 433070
X 1059055  Y 433070
X 1074803  Y 415354
X 1074803  Y 407480
X 1074803  Y 399606
X 1072834  Y 370078
X 1059055  Y 370078
X 1047244  Y 370078
X 1072834  Y 358267
X 1059055  Y 358267
X 1047244  Y 358267
X 1047244  Y 346456
X 1055118  Y 204724
X 1066929  Y 204724
X 1027559  Y 201771
X 1039370  Y 201771
X 1090551  Y 204724
X 1078740  Y 204724
X 1086614  Y 224409
X 1094488  Y 224409
X 1094488  Y 259842
X 1086614  Y 259842
X 1086614  Y 346456
X 1086614  Y 358267
X 1086614  Y 370078
X 1082677  Y 399606
X 1082677  Y 407480
X 1082677  Y 415354
X 1078740  Y 421259
X 1078740  Y 433070
X 1090551  Y 444881
X 1078740  Y 444881
X 1078740  Y 456692
X 1090551  Y 456692
X 1078740  Y 468503
X 1078740  Y 480314
X 1078740  Y 492125
X 1090551  Y 492125
X 1082677  Y 527559
X 1082677  Y 535433
X 1090551  Y 535433
X 1090551  Y 543307
X 1082677  Y 543307
X 1090551  Y 551181
X 1082677  Y 551181
X 1090551  Y 559055
X 1082677  Y 559055
X 1082677  Y 566929
X 1090551  Y 566929
X 1082677  Y 574803
X 1090551  Y 574803
X 1090551  Y 582677
X 1082677  Y 582677
X 1102362  Y 582677
X 1102362  Y 551181
X 1133858  Y 551181
X 1133858  Y 531496
X 1133858  Y 511811
X 1133858  Y 492125
X 1133858  Y 472440
X 1133858  Y 452755
X 1133858  Y 433070
X 1133858  Y 413385
X 1133858  Y 393700
X 1133858  Y 374015
X 1133858  Y 354330
X 1133858  Y 334645
X 1133858  Y 314960
X 1133858  Y 295275
X 1133858  Y 275590
X 1110236  Y 259842
X 1102362  Y 259842
X 1133858  Y 255905
X 1110236  Y 251968
X 1110236  Y 244094
X 1110236  Y 236220
X 1133858  Y 236220
X 1102362  Y 224409
X 1102362  Y 216535
X 1102362  Y 204724
Drill: .0315  Tool: 3  Feed: 197  Speed: 550
X 812992  Y 488188
X 835039  Y 488188
X 877559  Y 488188
X 899606  Y 488188
Drill: .03937  Tool: 4  Feed: 197  Speed: 550
X 474409  Y 259842
X 494094  Y 259842
X 401574  Y 409448
X 405511  Y 539370
X 616141  Y 448818
X 612204  Y 366141
X 570866  Y 250000
X 539370  Y 208661
X 629921  Y 527559
X 659448  Y 527559
X 629921  Y 547244
X 659448  Y 547244
X 748937  Y 574803
X 738937  Y 574803
X 768937  Y 574803
X 758937  Y 574803
X 797244  Y 228503
X 797244  Y 218503
X 807244  Y 218503
X 817244  Y 218503
X 847244  Y 218503
X 827244  Y 218503
X 837244  Y 218503
X 847244  Y 228503
X 817244  Y 228503
X 827244  Y 228503
X 807244  Y 228503
X 837244  Y 228503
X 857244  Y 228503
X 867244  Y 228503
X 877244  Y 228503
X 887244  Y 228503
X 877244  Y 218503
X 867244  Y 218503
X 887244  Y 218503
X 857244  Y 218503
X 1053149  Y 222440
X 907480  Y 559055
X 1106299  Y 395669
X 1125984  Y 303149
Drill: .043  Tool: 5  Feed: 139  Speed: 550
X 824803  Y 558460
X 824803  Y 571460
X 1091925  Y 470472
X 1091925  Y 431102
X 1104925  Y 431102
X 1104925  Y 470472
Drill: .04331  Tool: 6  Feed: 139  Speed: 550
X 406476  Y 338582
X 471476  Y 338582
X 406476  Y 368110
X 471476  Y 368110
Drill: .04724  Tool: 7  Feed: 139  Speed: 550
X 421259  Y 301181
X 440944  Y 301181
X 474409  Y 301181
X 494094  Y 301181
X 639763  Y 498031
X 687007  Y 498031
X 687007  Y 478346
X 639763  Y 478346
X 974409  Y 519685
X 974409  Y 539370
Drill: .05  Tool: 8  Feed: 107  Speed: 550
X 611043  Y 288149
X 626043  Y 293149
X 611043  Y 298149
X 626543  Y 303149
X 611043  Y 308149
X 626043  Y 313149
X 611043  Y 318149
Drill: .05512  Tool: 9  Feed: 107  Speed: 550
X 548228  Y 373858
X 548228  Y 383858
X 548228  Y 393858
X 578740  Y 519842
X 578740  Y 509842
X 578740  Y 499842
Drill: .05906  Tool: 10  Feed: 107  Speed: 550
X 626058  Y 220472
X 641658  Y 220472
X 813877  Y 527559
X 888877  Y 527559
Drill: .06063  Tool: 11  Feed: 89  Speed: 550
X 560866  Y 206535
X 570866  Y 216535
X 560866  Y 226535
X 580866  Y 226535
X 580866  Y 206535
Drill: .06299  Tool: 12  Feed: 89  Speed: 550
X 574212  Y 474409
X 574212  Y 545275
Drill: .07087  Tool: 13  Feed: 81  Speed: 550
X 449133  Y 220472
X 464724  Y 220472
X 480314  Y 220472
X 495905  Y 220472
X 742137  Y 488303
X 511496  Y 220472
X 765737  Y 488303
Drill: .07874  Tool: 14  Feed: 81  Speed: 550
X 572834  Y 349409
X 572834  Y 418307
X 482283  Y 482283
X 423228  Y 482283
X 655511  Y 337598
X 655511  Y 268700
Drill: .12598  Tool: 15  Feed: 35  Speed: 794
X 413385  Y 255905
X 413385  Y 570866
X 688976  Y 570866
X 688976  Y 216535
X 1122047  Y 216535
X 1122047  Y 570866
End of Listing
